TN:
SF:/usr/src/service/routes/middleware.js
FN:3,wordsCountMiddleware
FN:13,validateUrl
FN:20,sanitizeUrl
FNF:3
FNH:2
FNDA:0,wordsCountMiddleware
FNDA:2,validateUrl
FNDA:4,sanitizeUrl
DA:1,2
DA:4,0
DA:5,0
DA:6,0
DA:8,0
DA:10,0
DA:14,2
DA:15,1
DA:17,1
DA:21,4
DA:22,2
DA:24,2
DA:32,2
DA:33,2
DA:34,2
LF:15
LH:10
BRDA:14,0,0,1
BRDA:14,0,1,1
BRDA:21,1,0,2
BRDA:21,1,1,2
BRDA:21,2,0,4
BRDA:21,2,1,3
BRF:6
BRH:6
end_of_record
TN:
SF:/usr/src/service/routes/pages.js
FN:7,(anonymous_0)
FN:31,webWordExtractor
FN:34,(anonymous_2)
FN:42,(anonymous_3)
FN:49,stringWordExtractor
FN:55,wordCounter
FNF:6
FNH:5
FNDA:0,(anonymous_0)
FNDA:2,webWordExtractor
FNDA:2,(anonymous_2)
FNDA:1,(anonymous_3)
FNDA:2,stringWordExtractor
FNDA:4,wordCounter
DA:1,1
DA:2,1
DA:3,1
DA:4,1
DA:5,1
DA:7,1
DA:8,0
DA:9,0
DA:11,0
DA:12,0
DA:13,0
DA:14,0
DA:16,0
DA:18,0
DA:32,2
DA:35,2
DA:36,1
DA:38,1
DA:39,1
DA:40,1
DA:43,1
DA:46,2
DA:50,2
DA:52,2
DA:56,4
DA:58,4
DA:59,14
DA:60,14
DA:61,5
DA:63,9
DA:64,6
DA:68,6
DA:70,3
DA:73,4
DA:76,1
DA:77,1
DA:78,1
DA:79,1
LF:38
LH:30
BRDA:35,0,0,1
BRDA:35,0,1,1
BRDA:60,1,0,5
BRDA:60,1,1,9
BRDA:63,2,0,6
BRDA:63,2,1,3
BRF:6
BRH:6
end_of_record
