TN:
SF:/usr/src/service/routes/middleware.js
FN:3,wordsCountMiddleware
FN:13,validateUrl
FN:20,sanitizeUrl
FNF:3
FNH:2
FNDA:0,wordsCountMiddleware
FNDA:2,validateUrl
FNDA:4,sanitizeUrl
DA:1,2
DA:4,0
DA:5,0
DA:6,0
DA:8,0
DA:10,0
DA:14,2
DA:15,1
DA:17,1
DA:21,4
DA:22,2
DA:24,2
DA:27,2
DA:28,2
DA:29,2
LF:15
LH:10
BRDA:14,0,0,1
BRDA:14,0,1,1
BRDA:21,1,0,2
BRDA:21,1,1,2
BRDA:21,2,0,4
BRDA:21,2,1,3
BRF:6
BRH:6
end_of_record
TN:
SF:/usr/src/service/routes/pages.js
FN:7,(anonymous_0)
FN:22,webWordExtractor
FN:25,(anonymous_2)
FN:33,(anonymous_3)
FN:40,stringWordExtractor
FN:46,wordCounter
FNF:6
FNH:5
FNDA:0,(anonymous_0)
FNDA:2,webWordExtractor
FNDA:2,(anonymous_2)
FNDA:1,(anonymous_3)
FNDA:2,stringWordExtractor
FNDA:4,wordCounter
DA:1,1
DA:2,1
DA:3,1
DA:4,1
DA:5,1
DA:7,1
DA:8,0
DA:9,0
DA:11,0
DA:12,0
DA:13,0
DA:14,0
DA:16,0
DA:18,0
DA:23,2
DA:26,2
DA:27,1
DA:29,1
DA:30,1
DA:31,1
DA:34,1
DA:37,2
DA:41,2
DA:43,2
DA:47,4
DA:49,4
DA:50,14
DA:51,14
DA:52,5
DA:54,9
DA:55,6
DA:59,6
DA:61,3
DA:64,4
DA:67,1
DA:68,1
DA:69,1
DA:70,1
LF:38
LH:30
BRDA:26,0,0,1
BRDA:26,0,1,1
BRDA:51,1,0,5
BRDA:51,1,1,9
BRDA:54,2,0,6
BRDA:54,2,1,3
BRF:6
BRH:6
end_of_record
